Performing C SOURCE FILE Test CMAKE_HAVE_LIBC_PTHREAD failed with the following output:
Change Dir: /home/smartuil/SLAM-FromZeroToHero/code/homework16/cmake-build-debug/CMakeFiles/CMakeTmp

Run Build Command(s):/usr/bin/make cmTC_457a6/fast && /usr/bin/make -f CMakeFiles/cmTC_457a6.dir/build.make CMakeFiles/cmTC_457a6.dir/build
make[1]: 进入目录“/home/smartuil/SLAM-FromZeroToHero/code/homework16/cmake-build-debug/CMakeFiles/CMakeTmp”
Building C object CMakeFiles/cmTC_457a6.dir/src.c.o
/usr/bin/cc   -DCMAKE_HAVE_LIBC_PTHREAD   -o CMakeFiles/cmTC_457a6.dir/src.c.o   -c /home/smartuil/SLAM-FromZeroToHero/code/homework16/cmake-build-debug/CMakeFiles/CMakeTmp/src.c
Linking C executable cmTC_457a6
/home/smartuil/clion-2019.3.4/bin/cmake/linux/bin/cmake -E cmake_link_script CMakeFiles/cmTC_457a6.dir/link.txt --verbose=1
/usr/bin/cc  -DCMAKE_HAVE_LIBC_PTHREAD    -rdynamic CMakeFiles/cmTC_457a6.dir/src.c.o  -o cmTC_457a6 
CMakeFiles/cmTC_457a6.dir/src.c.o：在函数‘main’中：
src.c:(.text+0x3e)：对‘pthread_create’未定义的引用
src.c:(.text+0x4a)：对‘pthread_detach’未定义的引用
src.c:(.text+0x5b)：对‘pthread_join’未定义的引用
src.c:(.text+0x6f)：对‘pthread_atfork’未定义的引用
collect2: error: ld returned 1 exit status
CMakeFiles/cmTC_457a6.dir/build.make:86: recipe for target 'cmTC_457a6' failed
make[1]: *** [cmTC_457a6] Error 1
make[1]: 离开目录“/home/smartuil/SLAM-FromZeroToHero/code/homework16/cmake-build-debug/CMakeFiles/CMakeTmp”
Makefile:121: recipe for target 'cmTC_457a6/fast' failed
make: *** [cmTC_457a6/fast] Error 2


Source file was:
#include <pthread.h>

void* test_func(void* data)
{
  return data;
}

int main(void)
{
  pthread_t thread;
  pthread_create(&thread, NULL, test_func, NULL);
  pthread_detach(thread);
  pthread_join(thread, NULL);
  pthread_atfork(NULL, NULL, NULL);
  pthread_exit(NULL);

  return 0;
}

Determining if the function pthread_create exists in the pthreads failed with the following output:
Change Dir: /home/smartuil/SLAM-FromZeroToHero/code/homework16/cmake-build-debug/CMakeFiles/CMakeTmp

Run Build Command(s):/usr/bin/make cmTC_3394f/fast && /usr/bin/make -f CMakeFiles/cmTC_3394f.dir/build.make CMakeFiles/cmTC_3394f.dir/build
make[1]: 进入目录“/home/smartuil/SLAM-FromZeroToHero/code/homework16/cmake-build-debug/CMakeFiles/CMakeTmp”
Building C object CMakeFiles/cmTC_3394f.dir/CheckFunctionExists.c.o
/usr/bin/cc   -DCHECK_FUNCTION_EXISTS=pthread_create   -o CMakeFiles/cmTC_3394f.dir/CheckFunctionExists.c.o   -c /home/smartuil/clion-2019.3.4/bin/cmake/linux/share/cmake-3.15/Modules/CheckFunctionExists.c
Linking C executable cmTC_3394f
/home/smartuil/clion-2019.3.4/bin/cmake/linux/bin/cmake -E cmake_link_script CMakeFiles/cmTC_3394f.dir/link.txt --verbose=1
/usr/bin/cc  -DCHECK_FUNCTION_EXISTS=pthread_create    -rdynamic CMakeFiles/cmTC_3394f.dir/CheckFunctionExists.c.o  -o cmTC_3394f -lpthreads 
/usr/bin/ld: 找不到 -lpthreads
collect2: error: ld returned 1 exit status
CMakeFiles/cmTC_3394f.dir/build.make:86: recipe for target 'cmTC_3394f' failed
make[1]: *** [cmTC_3394f] Error 1
make[1]: 离开目录“/home/smartuil/SLAM-FromZeroToHero/code/homework16/cmake-build-debug/CMakeFiles/CMakeTmp”
Makefile:121: recipe for target 'cmTC_3394f/fast' failed
make: *** [cmTC_3394f/fast] Error 2



